{"level":"error","message":"this message error","timestamp":"2025-05-27T11:54:09.942Z"}
{"level":"warn","message":"this message warning","timestamp":"2025-05-27T11:54:09.945Z"}
{"level":"info","message":"this message info","timestamp":"2025-05-27T11:54:09.946Z"}
{"level":"info","message":"aplikasi kasir berjalan di port : 3000","timestamp":"2025-05-27T12:29:48.575Z"}
{"level":"info","message":"aplikasi kasir berjalan di port : 3000","timestamp":"2025-05-27T12:30:11.405Z"}
{"level":"info","message":"aplikasi kasir berjalan di port : 3000","timestamp":"2025-05-27T12:34:12.824Z"}
{"level":"info","message":"aplikasi kasir berjalan di port : 3000","timestamp":"2025-05-27T12:35:14.237Z"}
{"level":"info","message":"aplikasi kasir berjalan di port : 3000","timestamp":"2025-05-27T12:35:50.892Z"}
{"level":"info","message":"aplikasi kasir berjalan di port : 3000","timestamp":"2025-05-27T12:36:02.660Z"}
{"level":"info","message":"aplikasi kasir berjalan di port : 3000","timestamp":"2025-05-27T12:36:03.619Z"}
{"level":"info","message":"aplikasi kasir berjalan di port : 3000","timestamp":"2025-05-27T12:53:11.361Z"}
{"level":"info","message":"aplikasi kasir berjalan di port : 3000","timestamp":"2025-05-27T12:56:35.841Z"}
{"level":"info","message":"aplikasi kasir berjalan di port : 3000","timestamp":"2025-05-27T12:57:36.792Z"}
{"level":"info","message":"aplikasi kasir berjalan di port : 3000","timestamp":"2025-05-27T12:57:50.368Z"}
{"level":"info","message":"aplikasi kasir berjalan di port : 3000","timestamp":"2025-05-27T12:57:53.244Z"}
{"level":"info","message":"aplikasi kasir berjalan di port : 3000","timestamp":"2025-05-27T12:58:14.743Z"}
{"level":"info","message":"aplikasi kasir berjalan di port : 3000","timestamp":"2025-05-27T12:58:21.385Z"}
{"level":"info","message":"aplikasi kasir berjalan di port : 3000","timestamp":"2025-05-27T12:58:52.042Z"}
{"level":"info","message":"aplikasi kasir berjalan di port : 3000","timestamp":"2025-05-27T13:03:35.867Z"}
{"level":"info","message":"aplikasi kasir berjalan di port : 3000","timestamp":"2025-05-27T13:04:05.917Z"}
{"level":"info","message":"aplikasi kasir berjalan di port : 3000","timestamp":"2025-05-27T13:04:10.069Z"}
{"level":"info","message":"aplikasi kasir berjalan di port : 3000","timestamp":"2025-05-27T13:06:15.880Z"}
{"level":"info","message":"aplikasi kasir berjalan di port : 3000","timestamp":"2025-05-27T13:06:27.146Z"}
{"level":"info","message":"aplikasi kasir berjalan di port : 3000","timestamp":"2025-05-27T13:18:05.093Z"}
{"level":"info","message":"aplikasi kasir berjalan di port : 3000","timestamp":"2025-05-27T13:18:15.232Z"}
{"level":"info","message":"aplikasi kasir berjalan di port : 3000","timestamp":"2025-05-27T13:18:16.087Z"}
{"level":"info","message":"aplikasi kasir berjalan di port : 3000","timestamp":"2025-05-27T13:18:35.588Z"}
{"level":"info","message":"aplikasi kasir berjalan di port : 3000","timestamp":"2025-05-27T13:18:54.415Z"}
{"level":"info","message":"aplikasi kasir berjalan di port : 3000","timestamp":"2025-05-27T13:21:16.103Z"}
{"level":"info","message":"aplikasi kasir berjalan di port : 3000","timestamp":"2025-05-27T13:25:13.333Z"}
{"level":"info","message":"aplikasi kasir berjalan di port : 3000","timestamp":"2025-05-27T13:27:14.631Z"}
{"level":"info","message":"aplikasi kasir berjalan di port : 3000","timestamp":"2025-05-27T13:27:56.220Z"}
{"level":"info","message":"aplikasi kasir berjalan di port : 3000","timestamp":"2025-05-27T13:28:00.554Z"}
{"level":"info","message":"aplikasi kasir berjalan di port : 3000","timestamp":"2025-05-27T13:28:57.280Z"}
{"level":"info","message":"aplikasi kasir berjalan di port : 3000","timestamp":"2025-05-27T13:29:16.546Z"}
{"level":"info","message":"aplikasi kasir berjalan di port : 3000","timestamp":"2025-05-27T13:30:07.187Z"}
{"level":"info","message":"aplikasi kasir berjalan di port : 3000","timestamp":"2025-05-27T13:30:17.786Z"}
{"level":"info","message":"aplikasi kasir berjalan di port : 3000","timestamp":"2025-05-27T13:30:30.358Z"}
{"level":"info","message":"aplikasi kasir berjalan di port : 3000","timestamp":"2025-05-27T13:31:15.587Z"}
{"level":"info","message":"aplikasi kasir berjalan di port : 3000","timestamp":"2025-05-27T13:31:17.137Z"}
{"level":"info","message":"aplikasi kasir berjalan di port : 3000","timestamp":"2025-05-27T13:32:11.390Z"}
{"level":"info","message":"aplikasi kasir berjalan di port : 3000","timestamp":"2025-05-27T13:32:21.392Z"}
{"level":"info","message":"aplikasi kasir berjalan di port : 3000","timestamp":"2025-05-27T13:32:31.318Z"}
{"level":"info","message":"aplikasi kasir berjalan di port : 3000","timestamp":"2025-05-27T13:33:15.693Z"}
{"level":"info","message":"aplikasi kasir berjalan di port : 3000","timestamp":"2025-05-27T13:33:32.082Z"}
{"level":"info","message":"aplikasi kasir berjalan di port : 3000","timestamp":"2025-05-27T13:33:37.964Z"}
{"level":"info","message":"aplikasi kasir berjalan di port : 3000","timestamp":"2025-05-27T13:33:52.319Z"}
{"level":"info","message":"aplikasi kasir berjalan di port : 3000","timestamp":"2025-05-27T13:34:29.862Z"}
{"level":"info","message":"aplikasi kasir berjalan di port : 3000","timestamp":"2025-05-27T13:34:43.136Z"}
{"level":"info","message":"aplikasi kasir berjalan di port : 3000","timestamp":"2025-05-27T13:34:54.555Z"}
{"level":"info","message":"aplikasi kasir berjalan di port : 3000","timestamp":"2025-05-27T13:35:13.758Z"}
{"level":"info","message":"aplikasi kasir berjalan di port : 3000","timestamp":"2025-05-27T13:35:27.117Z"}
{"level":"info","message":"aplikasi kasir berjalan di port : 3000","timestamp":"2025-05-27T13:35:48.861Z"}
{"level":"info","message":"aplikasi kasir berjalan di port : 3000","timestamp":"2025-05-27T13:35:59.543Z"}
{"level":"info","message":"aplikasi kasir berjalan di port : 3000","timestamp":"2025-05-27T13:36:03.041Z"}
{"level":"info","message":"aplikasi kasir berjalan di port : 3000","timestamp":"2025-05-27T13:36:16.666Z"}
{"level":"info","message":"aplikasi kasir berjalan di port : 3000","timestamp":"2025-05-27T13:38:12.862Z"}
{"level":"info","message":"aplikasi kasir berjalan di port : 3000","timestamp":"2025-05-27T13:38:29.909Z"}
{"level":"info","message":"aplikasi kasir berjalan di port : 3000","timestamp":"2025-05-27T13:39:01.576Z"}
{"level":"info","message":"aplikasi kasir berjalan di port : 3000","timestamp":"2025-05-27T13:39:19.723Z"}
{"level":"info","message":"aplikasi kasir berjalan di port : 3000","timestamp":"2025-05-27T13:39:22.806Z"}
{"level":"info","message":"aplikasi kasir berjalan di port : 3000","timestamp":"2025-05-27T13:39:28.897Z"}
{"level":"info","message":"aplikasi kasir berjalan di port : 3000","timestamp":"2025-05-27T13:39:56.167Z"}
{"level":"info","message":"aplikasi kasir berjalan di port : 3000","timestamp":"2025-05-27T13:39:59.119Z"}
{"level":"info","message":"aplikasi kasir berjalan di port : 3000","timestamp":"2025-05-27T13:40:35.556Z"}
{"level":"info","message":"aplikasi kasir berjalan di port : 3000","timestamp":"2025-05-27T13:40:41.356Z"}
{"level":"info","message":"aplikasi kasir berjalan di port : 3000","timestamp":"2025-05-27T13:41:11.745Z"}
{"level":"info","message":"aplikasi kasir berjalan di port : 3000","timestamp":"2025-05-27T13:41:19.981Z"}
{"level":"info","message":"aplikasi kasir berjalan di port : 3000","timestamp":"2025-05-27T13:41:51.049Z"}
{"level":"info","message":"aplikasi kasir berjalan di port : 3000","timestamp":"2025-05-27T13:42:37.926Z"}
{"level":"info","message":"aplikasi kasir berjalan di port : 3000","timestamp":"2025-05-27T13:42:46.475Z"}
{"level":"info","message":"aplikasi kasir berjalan di port : 3000","timestamp":"2025-05-27T13:43:04.849Z"}
{"level":"info","message":"aplikasi kasir berjalan di port : 3000","timestamp":"2025-05-27T13:43:09.022Z"}
{"level":"info","message":"aplikasi kasir berjalan di port : 3000","timestamp":"2025-05-27T13:43:26.168Z"}
{"level":"info","message":"aplikasi kasir berjalan di port : 3000","timestamp":"2025-05-27T13:43:34.856Z"}
{"level":"info","message":"aplikasi kasir berjalan di port : 3000","timestamp":"2025-05-27T13:43:56.643Z"}
{"level":"info","message":"aplikasi kasir berjalan di port : 3000","timestamp":"2025-05-27T13:44:22.998Z"}
{"level":"info","message":"aplikasi kasir berjalan di port : 3000","timestamp":"2025-05-27T13:44:35.503Z"}
{"level":"info","message":"aplikasi kasir berjalan di port : 3000","timestamp":"2025-05-27T13:44:37.040Z"}
{"level":"info","message":"aplikasi kasir berjalan di port : 3000","timestamp":"2025-05-27T13:45:57.052Z"}
{"level":"info","message":"aplikasi kasir berjalan di port : 3000","timestamp":"2025-05-27T13:46:05.824Z"}
{"level":"error","message":"Cannot read properties of undefined (reading 'validate')","timestamp":"2025-05-27T13:46:07.329Z"}
{"level":"info","message":"aplikasi kasir berjalan di port : 3000","timestamp":"2025-05-27T13:46:42.716Z"}
{"level":"error","message":"Cannot read properties of undefined (reading 'username')","timestamp":"2025-05-27T13:46:43.545Z"}
{"level":"error","message":"Cannot read properties of undefined (reading 'username')","timestamp":"2025-05-27T13:46:45.689Z"}
{"level":"error","message":"Cannot read properties of undefined (reading 'username')","timestamp":"2025-05-27T13:46:47.073Z"}
{"level":"info","message":"aplikasi kasir berjalan di port : 3000","timestamp":"2025-05-27T13:47:19.469Z"}
{"level":"error","message":"Cannot read properties of undefined (reading 'username')","timestamp":"2025-05-27T13:47:20.020Z"}
{"level":"info","message":"aplikasi kasir berjalan di port : 3000","timestamp":"2025-05-27T13:47:34.267Z"}
{"level":"info","message":"aplikasi kasir berjalan di port : 3000","timestamp":"2025-05-27T13:50:52.041Z"}
{"level":"error","message":"Cannot read properties of undefined (reading 'username')","timestamp":"2025-05-27T13:50:56.323Z"}
{"level":"info","message":"aplikasi kasir berjalan di port : 3000","timestamp":"2025-05-27T13:52:50.531Z"}
{"level":"info","message":"aplikasi kasir berjalan di port : 3000","timestamp":"2025-05-27T13:53:06.639Z"}
{"level":"error","message":"Cannot read properties of undefined (reading 'username')","timestamp":"2025-05-27T13:53:07.767Z"}
{"level":"info","message":"aplikasi kasir berjalan di port : 3000","timestamp":"2025-05-27T13:53:16.743Z"}
{"level":"info","message":"aplikasi kasir berjalan di port : 3000","timestamp":"2025-05-27T13:53:37.117Z"}
{"level":"error","message":"Cannot read properties of undefined (reading 'username')","timestamp":"2025-05-27T13:53:39.806Z"}
{"level":"info","message":"aplikasi kasir berjalan di port : 3000","timestamp":"2025-05-27T13:53:56.731Z"}
{"level":"info","message":"aplikasi kasir berjalan di port : 3000","timestamp":"2025-05-27T13:54:03.530Z"}
{"level":"error","message":"Cannot read properties of undefined (reading 'username')","timestamp":"2025-05-27T13:54:06.810Z"}
{"level":"info","message":"aplikasi kasir berjalan di port : 3000","timestamp":"2025-05-27T13:55:36.242Z"}
{"level":"error","message":"Cannot read properties of undefined (reading 'message')","timestamp":"2025-05-27T13:55:40.724Z"}
{"level":"error","message":"Cannot read properties of undefined (reading 'message')","timestamp":"2025-05-27T13:55:44.716Z"}
{"level":"error","message":"Cannot read properties of undefined (reading 'message')","timestamp":"2025-05-27T13:55:45.602Z"}
{"level":"error","message":"Cannot read properties of undefined (reading 'message')","timestamp":"2025-05-27T13:55:46.443Z"}
{"level":"info","message":"aplikasi kasir berjalan di port : 3000","timestamp":"2025-05-27T13:56:15.665Z"}
{"level":"info","message":"aplikasi kasir berjalan di port : 3000","timestamp":"2025-05-27T13:56:26.186Z"}
{"level":"info","message":"aplikasi kasir berjalan di port : 3000","timestamp":"2025-05-27T16:37:21.990Z"}
{"level":"info","message":"aplikasi kasir berjalan di port : 3000","timestamp":"2025-05-27T16:37:59.080Z"}
{"level":"info","message":"aplikasi kasir berjalan di port : 3000","timestamp":"2025-05-27T16:39:58.379Z"}
{"level":"info","message":"aplikasi kasir berjalan di port : 3000","timestamp":"2025-05-27T16:39:59.708Z"}
{"level":"info","message":"aplikasi kasir berjalan di port : 3000","timestamp":"2025-05-27T16:40:01.726Z"}
{"level":"info","message":"aplikasi kasir berjalan di port : 3000","timestamp":"2025-05-27T16:40:11.373Z"}
{"level":"info","message":"aplikasi kasir berjalan di port : 3000","timestamp":"2025-05-27T16:40:17.520Z"}
{"level":"info","message":"aplikasi kasir berjalan di port : 3000","timestamp":"2025-05-27T16:40:34.160Z"}
{"level":"info","message":"aplikasi kasir berjalan di port : 3000","timestamp":"2025-05-27T16:40:56.973Z"}
{"level":"info","message":"aplikasi kasir berjalan di port : 3000","timestamp":"2025-05-27T16:41:00.150Z"}
{"level":"info","message":"aplikasi kasir berjalan di port : 3000","timestamp":"2025-05-27T16:41:48.527Z"}
{"level":"error","message":"Expected double-quoted property name in JSON at position 66 (line 6 column 1)","timestamp":"2025-05-27T16:41:50.748Z"}
{"level":"info","message":"aplikasi kasir berjalan di port : 3000","timestamp":"2025-05-27T16:44:21.660Z"}
{"level":"info","message":"aplikasi kasir berjalan di port : 3000","timestamp":"2025-05-27T16:45:33.689Z"}
{"level":"info","message":"aplikasi kasir berjalan di port : 3000","timestamp":"2025-05-27T16:45:36.021Z"}
{"level":"info","message":"aplikasi kasir berjalan di port : 3000","timestamp":"2025-05-27T16:46:19.063Z"}
{"level":"info","message":"aplikasi kasir berjalan di port : 3000","timestamp":"2025-05-27T16:46:30.586Z"}
{"level":"info","message":"aplikasi kasir berjalan di port : 3000","timestamp":"2025-05-27T16:46:39.168Z"}
{"level":"info","message":"aplikasi kasir berjalan di port : 3000","timestamp":"2025-05-27T16:47:06.259Z"}
{"level":"info","message":"aplikasi kasir berjalan di port : 3000","timestamp":"2025-05-27T16:47:25.062Z"}
{"level":"info","message":"aplikasi kasir berjalan di port : 3000","timestamp":"2025-05-27T16:47:34.199Z"}
{"level":"info","message":"aplikasi kasir berjalan di port : 3000","timestamp":"2025-05-27T16:49:23.002Z"}
{"level":"info","message":"aplikasi kasir berjalan di port : 3000","timestamp":"2025-05-27T16:49:34.848Z"}
{"level":"info","message":"aplikasi kasir berjalan di port : 3000","timestamp":"2025-05-27T16:49:37.540Z"}
{"level":"info","message":"aplikasi kasir berjalan di port : 3000","timestamp":"2025-05-27T16:49:40.507Z"}
{"level":"info","message":"Starting a mysql pool with 13 connections.","target":"quaint::pooled","timestamp":"2025-05-27T16:50:46.633Z"}
{"level":"info","message":{"duration":15,"params":"[\"admin\"]","query":"SELECT COUNT(*) AS `_count._all` FROM (SELECT `kasir`.`Pengguna`.`id` FROM `kasir`.`Pengguna` WHERE `kasir`.`Pengguna`.`username` = ?) AS `sub`","target":"quaint::connector::metrics","timestamp":"2025-05-27T16:50:46.794Z"},"timestamp":"2025-05-27T16:50:46.795Z"}
{"level":"info","message":{"duration":1,"params":"[\"admin@admin.com\"]","query":"SELECT COUNT(*) AS `_count._all` FROM (SELECT `kasir`.`Pengguna`.`id` FROM `kasir`.`Pengguna` WHERE `kasir`.`Pengguna`.`email` = ?) AS `sub`","target":"quaint::connector::metrics","timestamp":"2025-05-27T16:50:46.798Z"},"timestamp":"2025-05-27T16:50:46.798Z"}
{"level":"error","message":"\nInvalid `prisma.pengguna.create()` invocation:\n\n{\n  data: {\n    username: \"admin\",\n    password: \"$2b$10$pB5PWx7L9KZQdJifCS8DbOKu5r8Fi4hWZOy04soG6kqDfjG3sZeI2\",\n    role: \"admin\",\n    nama: \"admin\",\n    email: \"admin@admin.com\",\n    phone: \"+628844993399\",\n    secret: undefined,\n+   id: String\n  },\n  select: {\n    id: true,\n    username: true,\n    role: true,\n    nama: true,\n    email: true,\n    phone: true\n  }\n}\n\nArgument `id` is missing.","target":"pengguna.create","timestamp":"2025-05-27T16:50:46.860Z"}
{"level":"error","message":"\nInvalid `prisma.pengguna.create()` invocation:\n\n{\n  data: {\n    username: \"admin\",\n    password: \"$2b$10$pB5PWx7L9KZQdJifCS8DbOKu5r8Fi4hWZOy04soG6kqDfjG3sZeI2\",\n    role: \"admin\",\n    nama: \"admin\",\n    email: \"admin@admin.com\",\n    phone: \"+628844993399\",\n    secret: undefined,\n+   id: String\n  },\n  select: {\n    id: true,\n    username: true,\n    role: true,\n    nama: true,\n    email: true,\n    phone: true\n  }\n}\n\nArgument `id` is missing.","timestamp":"2025-05-27T16:50:46.861Z"}
{"level":"info","message":"aplikasi kasir berjalan di port : 3000","timestamp":"2025-05-27T16:51:24.506Z"}
{"level":"info","message":"Starting a mysql pool with 13 connections.","target":"quaint::pooled","timestamp":"2025-05-27T16:51:29.758Z"}
{"level":"info","message":{"duration":0,"params":"[\"admin\"]","query":"SELECT COUNT(*) AS `_count._all` FROM (SELECT `kasir`.`Pengguna`.`id` FROM `kasir`.`Pengguna` WHERE `kasir`.`Pengguna`.`username` = ?) AS `sub`","target":"quaint::connector::metrics","timestamp":"2025-05-27T16:51:29.874Z"},"timestamp":"2025-05-27T16:51:29.875Z"}
{"level":"info","message":{"duration":0,"params":"[\"admin@admin.com\"]","query":"SELECT COUNT(*) AS `_count._all` FROM (SELECT `kasir`.`Pengguna`.`id` FROM `kasir`.`Pengguna` WHERE `kasir`.`Pengguna`.`email` = ?) AS `sub`","target":"quaint::connector::metrics","timestamp":"2025-05-27T16:51:29.876Z"},"timestamp":"2025-05-27T16:51:29.876Z"}
{"level":"error","message":"\nInvalid `prisma.pengguna.create()` invocation:\n\n{\n  data: {\n    username: \"admin\",\n    password: \"$2b$10$bv6szT8JG.KZnGu71TpuW.NQZVvD4SiKW696/I9xq/RQRLWRvfCGe\",\n    role: \"admin\",\n    nama: \"admin\",\n    email: \"admin@admin.com\",\n    phone: \"+628844993399\",\n    secret: undefined,\n    id: \"fc31186e-ea6d-4d27-bea9-76aa4e38ce75\",\n+   created_at: DateTime\n  },\n  select: {\n    id: true,\n    username: true,\n    role: true,\n    nama: true,\n    email: true,\n    phone: true\n  }\n}\n\nArgument `created_at` is missing.","target":"pengguna.create","timestamp":"2025-05-27T16:51:29.939Z"}
{"level":"error","message":"\nInvalid `prisma.pengguna.create()` invocation:\n\n{\n  data: {\n    username: \"admin\",\n    password: \"$2b$10$bv6szT8JG.KZnGu71TpuW.NQZVvD4SiKW696/I9xq/RQRLWRvfCGe\",\n    role: \"admin\",\n    nama: \"admin\",\n    email: \"admin@admin.com\",\n    phone: \"+628844993399\",\n    secret: undefined,\n    id: \"fc31186e-ea6d-4d27-bea9-76aa4e38ce75\",\n+   created_at: DateTime\n  },\n  select: {\n    id: true,\n    username: true,\n    role: true,\n    nama: true,\n    email: true,\n    phone: true\n  }\n}\n\nArgument `created_at` is missing.","timestamp":"2025-05-27T16:51:29.940Z"}
{"level":"info","message":"aplikasi kasir berjalan di port : 3000","timestamp":"2025-05-27T16:54:34.682Z"}
{"level":"info","message":"Starting a mysql pool with 13 connections.","target":"quaint::pooled","timestamp":"2025-05-27T16:54:40.986Z"}
{"level":"info","message":{"duration":0,"params":"[\"admin\"]","query":"SELECT COUNT(*) AS `_count._all` FROM (SELECT `kasir`.`Pengguna`.`id` FROM `kasir`.`Pengguna` WHERE `kasir`.`Pengguna`.`username` = ?) AS `sub`","target":"quaint::connector::metrics","timestamp":"2025-05-27T16:54:41.104Z"},"timestamp":"2025-05-27T16:54:41.104Z"}
{"level":"info","message":{"duration":0,"params":"[\"admin@admin.com\"]","query":"SELECT COUNT(*) AS `_count._all` FROM (SELECT `kasir`.`Pengguna`.`id` FROM `kasir`.`Pengguna` WHERE `kasir`.`Pengguna`.`email` = ?) AS `sub`","target":"quaint::connector::metrics","timestamp":"2025-05-27T16:54:41.107Z"},"timestamp":"2025-05-27T16:54:41.107Z"}
{"level":"info","message":{"duration":0,"params":"[]","query":"BEGIN","target":"quaint::connector::metrics","timestamp":"2025-05-27T16:54:41.164Z"},"timestamp":"2025-05-27T16:54:41.164Z"}
{"level":"info","message":{"duration":13,"params":"[\"0f54c67e-6f00-4eb4-b332-84f6313427f4\",\"admin\",\"$2b$10$QWt5L/WRWOLP.2HssWXeoeE2Iu6aJ4D8MI48i0J0ImGDgmR/S1ClW\",\"admin\",\"admin\",\"admin@admin.com\",\"+628844993399\",\"2025-05-27 16:54:41.164 UTC\",\"2025-05-27 16:54:41.164 UTC\"]","query":"INSERT INTO `kasir`.`Pengguna` (`id`,`username`,`password`,`role`,`nama`,`email`,`phone`,`created_at`,`update_at`) VALUES (?,?,?,?,?,?,?,?,?)","target":"quaint::connector::metrics","timestamp":"2025-05-27T16:54:41.178Z"},"timestamp":"2025-05-27T16:54:41.178Z"}
{"level":"info","message":{"duration":0,"params":"[\"0f54c67e-6f00-4eb4-b332-84f6313427f4\",1,0]","query":"SELECT `kasir`.`Pengguna`.`id`, `kasir`.`Pengguna`.`username`, `kasir`.`Pengguna`.`role`, `kasir`.`Pengguna`.`nama`, `kasir`.`Pengguna`.`email`, `kasir`.`Pengguna`.`phone` FROM `kasir`.`Pengguna` WHERE `kasir`.`Pengguna`.`id` = ? LIMIT ? OFFSET ?","target":"quaint::connector::metrics","timestamp":"2025-05-27T16:54:41.179Z"},"timestamp":"2025-05-27T16:54:41.179Z"}
{"level":"info","message":{"duration":2,"params":"[]","query":"COMMIT","target":"quaint::connector::metrics","timestamp":"2025-05-27T16:54:41.181Z"},"timestamp":"2025-05-27T16:54:41.181Z"}
{"level":"info","message":{"duration":3,"params":"[\"admin\"]","query":"SELECT COUNT(*) AS `_count._all` FROM (SELECT `kasir`.`Pengguna`.`id` FROM `kasir`.`Pengguna` WHERE `kasir`.`Pengguna`.`username` = ?) AS `sub`","target":"quaint::connector::metrics","timestamp":"2025-05-27T16:54:44.818Z"},"timestamp":"2025-05-27T16:54:44.818Z"}
{"level":"info","message":{"duration":0,"params":"[\"admin\"]","query":"SELECT COUNT(*) AS `_count._all` FROM (SELECT `kasir`.`Pengguna`.`id` FROM `kasir`.`Pengguna` WHERE `kasir`.`Pengguna`.`username` = ?) AS `sub`","target":"quaint::connector::metrics","timestamp":"2025-05-27T16:54:46.599Z"},"timestamp":"2025-05-27T16:54:46.599Z"}
{"level":"info","message":{"duration":0,"params":"[\"admisn\"]","query":"SELECT COUNT(*) AS `_count._all` FROM (SELECT `kasir`.`Pengguna`.`id` FROM `kasir`.`Pengguna` WHERE `kasir`.`Pengguna`.`username` = ?) AS `sub`","target":"quaint::connector::metrics","timestamp":"2025-05-27T16:54:52.476Z"},"timestamp":"2025-05-27T16:54:52.476Z"}
{"level":"info","message":{"duration":0,"params":"[\"admin@admin.com\"]","query":"SELECT COUNT(*) AS `_count._all` FROM (SELECT `kasir`.`Pengguna`.`id` FROM `kasir`.`Pengguna` WHERE `kasir`.`Pengguna`.`email` = ?) AS `sub`","target":"quaint::connector::metrics","timestamp":"2025-05-27T16:54:52.478Z"},"timestamp":"2025-05-27T16:54:52.478Z"}
{"level":"info","message":{"duration":0,"params":"[\"admisn\"]","query":"SELECT COUNT(*) AS `_count._all` FROM (SELECT `kasir`.`Pengguna`.`id` FROM `kasir`.`Pengguna` WHERE `kasir`.`Pengguna`.`username` = ?) AS `sub`","target":"quaint::connector::metrics","timestamp":"2025-05-27T16:54:54.326Z"},"timestamp":"2025-05-27T16:54:54.326Z"}
{"level":"info","message":{"duration":0,"params":"[\"admin@admin.com\"]","query":"SELECT COUNT(*) AS `_count._all` FROM (SELECT `kasir`.`Pengguna`.`id` FROM `kasir`.`Pengguna` WHERE `kasir`.`Pengguna`.`email` = ?) AS `sub`","target":"quaint::connector::metrics","timestamp":"2025-05-27T16:54:54.327Z"},"timestamp":"2025-05-27T16:54:54.327Z"}
{"level":"info","message":{"duration":0,"params":"[\"admisn\"]","query":"SELECT COUNT(*) AS `_count._all` FROM (SELECT `kasir`.`Pengguna`.`id` FROM `kasir`.`Pengguna` WHERE `kasir`.`Pengguna`.`username` = ?) AS `sub`","target":"quaint::connector::metrics","timestamp":"2025-05-27T16:54:55.309Z"},"timestamp":"2025-05-27T16:54:55.309Z"}
{"level":"info","message":{"duration":0,"params":"[\"admin@admin.com\"]","query":"SELECT COUNT(*) AS `_count._all` FROM (SELECT `kasir`.`Pengguna`.`id` FROM `kasir`.`Pengguna` WHERE `kasir`.`Pengguna`.`email` = ?) AS `sub`","target":"quaint::connector::metrics","timestamp":"2025-05-27T16:54:55.310Z"},"timestamp":"2025-05-27T16:54:55.310Z"}
{"level":"info","message":{"duration":0,"params":"[]","query":"SELECT 1","target":"quaint::connector::metrics","timestamp":"2025-05-27T16:55:18.440Z"},"timestamp":"2025-05-27T16:55:18.440Z"}
{"level":"info","message":{"duration":0,"params":"[\"admisn\"]","query":"SELECT COUNT(*) AS `_count._all` FROM (SELECT `kasir`.`Pengguna`.`id` FROM `kasir`.`Pengguna` WHERE `kasir`.`Pengguna`.`username` = ?) AS `sub`","target":"quaint::connector::metrics","timestamp":"2025-05-27T16:55:18.441Z"},"timestamp":"2025-05-27T16:55:18.441Z"}
{"level":"info","message":{"duration":0,"params":"[\"admin@admin.com\"]","query":"SELECT COUNT(*) AS `_count._all` FROM (SELECT `kasir`.`Pengguna`.`id` FROM `kasir`.`Pengguna` WHERE `kasir`.`Pengguna`.`email` = ?) AS `sub`","target":"quaint::connector::metrics","timestamp":"2025-05-27T16:55:18.442Z"},"timestamp":"2025-05-27T16:55:18.442Z"}
{"level":"info","message":"aplikasi kasir berjalan di port : 3000","timestamp":"2025-05-27T17:07:39.751Z"}
{"level":"info","message":"aplikasi kasir berjalan di port : 3000","timestamp":"2025-05-27T17:07:44.085Z"}
{"level":"info","message":"Starting a mysql pool with 13 connections.","target":"quaint::pooled","timestamp":"2025-05-27T17:08:24.854Z"}
{"level":"info","message":{"duration":0,"params":"[\"admin1\",1,0]","query":"SELECT `kasir`.`Pengguna`.`id`, `kasir`.`Pengguna`.`username`, `kasir`.`Pengguna`.`password`, `kasir`.`Pengguna`.`role`, `kasir`.`Pengguna`.`nama`, `kasir`.`Pengguna`.`email`, `kasir`.`Pengguna`.`phone`, `kasir`.`Pengguna`.`created_at`, `kasir`.`Pengguna`.`update_at` FROM `kasir`.`Pengguna` WHERE (`kasir`.`Pengguna`.`username` = ? AND 1=1) LIMIT ? OFFSET ?","target":"quaint::connector::metrics","timestamp":"2025-05-27T17:08:24.969Z"},"timestamp":"2025-05-27T17:08:24.969Z"}
{"level":"error","message":"Class constructor ApiError cannot be invoked without 'new'","timestamp":"2025-05-27T17:08:24.971Z"}
{"level":"info","message":"aplikasi kasir berjalan di port : 3000","timestamp":"2025-05-27T17:08:50.419Z"}
{"level":"info","message":"Starting a mysql pool with 13 connections.","target":"quaint::pooled","timestamp":"2025-05-27T17:08:50.944Z"}
{"level":"info","message":{"duration":0,"params":"[\"admin1\",1,0]","query":"SELECT `kasir`.`Pengguna`.`id`, `kasir`.`Pengguna`.`username`, `kasir`.`Pengguna`.`password`, `kasir`.`Pengguna`.`role`, `kasir`.`Pengguna`.`nama`, `kasir`.`Pengguna`.`email`, `kasir`.`Pengguna`.`phone`, `kasir`.`Pengguna`.`created_at`, `kasir`.`Pengguna`.`update_at` FROM `kasir`.`Pengguna` WHERE (`kasir`.`Pengguna`.`username` = ? AND 1=1) LIMIT ? OFFSET ?","target":"quaint::connector::metrics","timestamp":"2025-05-27T17:08:51.115Z"},"timestamp":"2025-05-27T17:08:51.115Z"}
{"level":"info","message":{"duration":0,"params":"[\"admin1\",1,0]","query":"SELECT `kasir`.`Pengguna`.`id`, `kasir`.`Pengguna`.`username`, `kasir`.`Pengguna`.`password`, `kasir`.`Pengguna`.`role`, `kasir`.`Pengguna`.`nama`, `kasir`.`Pengguna`.`email`, `kasir`.`Pengguna`.`phone`, `kasir`.`Pengguna`.`created_at`, `kasir`.`Pengguna`.`update_at` FROM `kasir`.`Pengguna` WHERE (`kasir`.`Pengguna`.`username` = ? AND 1=1) LIMIT ? OFFSET ?","target":"quaint::connector::metrics","timestamp":"2025-05-27T17:09:00.622Z"},"timestamp":"2025-05-27T17:09:00.622Z"}
{"level":"info","message":{"duration":1,"params":"[\"admin\",1,0]","query":"SELECT `kasir`.`Pengguna`.`id`, `kasir`.`Pengguna`.`username`, `kasir`.`Pengguna`.`password`, `kasir`.`Pengguna`.`role`, `kasir`.`Pengguna`.`nama`, `kasir`.`Pengguna`.`email`, `kasir`.`Pengguna`.`phone`, `kasir`.`Pengguna`.`created_at`, `kasir`.`Pengguna`.`update_at` FROM `kasir`.`Pengguna` WHERE (`kasir`.`Pengguna`.`username` = ? AND 1=1) LIMIT ? OFFSET ?","target":"quaint::connector::metrics","timestamp":"2025-05-27T17:09:04.063Z"},"timestamp":"2025-05-27T17:09:04.064Z"}
{"level":"info","message":{"duration":0,"params":"[\"admin\",1,0]","query":"SELECT `kasir`.`Pengguna`.`id`, `kasir`.`Pengguna`.`username`, `kasir`.`Pengguna`.`password`, `kasir`.`Pengguna`.`role`, `kasir`.`Pengguna`.`nama`, `kasir`.`Pengguna`.`email`, `kasir`.`Pengguna`.`phone`, `kasir`.`Pengguna`.`created_at`, `kasir`.`Pengguna`.`update_at` FROM `kasir`.`Pengguna` WHERE (`kasir`.`Pengguna`.`username` = ? AND 1=1) LIMIT ? OFFSET ?","target":"quaint::connector::metrics","timestamp":"2025-05-27T17:09:04.945Z"},"timestamp":"2025-05-27T17:09:04.945Z"}
{"level":"info","message":{"duration":0,"params":"[\"admin\",1,0]","query":"SELECT `kasir`.`Pengguna`.`id`, `kasir`.`Pengguna`.`username`, `kasir`.`Pengguna`.`password`, `kasir`.`Pengguna`.`role`, `kasir`.`Pengguna`.`nama`, `kasir`.`Pengguna`.`email`, `kasir`.`Pengguna`.`phone`, `kasir`.`Pengguna`.`created_at`, `kasir`.`Pengguna`.`update_at` FROM `kasir`.`Pengguna` WHERE (`kasir`.`Pengguna`.`username` = ? AND 1=1) LIMIT ? OFFSET ?","target":"quaint::connector::metrics","timestamp":"2025-05-27T17:09:05.569Z"},"timestamp":"2025-05-27T17:09:05.569Z"}
{"level":"info","message":{"duration":0,"params":"[]","query":"SELECT 1","target":"quaint::connector::metrics","timestamp":"2025-05-27T17:09:11.387Z"},"timestamp":"2025-05-27T17:09:11.387Z"}
{"level":"info","message":{"duration":0,"params":"[\"admin\",1,0]","query":"SELECT `kasir`.`Pengguna`.`id`, `kasir`.`Pengguna`.`username`, `kasir`.`Pengguna`.`password`, `kasir`.`Pengguna`.`role`, `kasir`.`Pengguna`.`nama`, `kasir`.`Pengguna`.`email`, `kasir`.`Pengguna`.`phone`, `kasir`.`Pengguna`.`created_at`, `kasir`.`Pengguna`.`update_at` FROM `kasir`.`Pengguna` WHERE (`kasir`.`Pengguna`.`username` = ? AND 1=1) LIMIT ? OFFSET ?","target":"quaint::connector::metrics","timestamp":"2025-05-27T17:09:11.387Z"},"timestamp":"2025-05-27T17:09:11.387Z"}
{"level":"info","message":{"duration":0,"params":"[\"admin\",1,0]","query":"SELECT `kasir`.`Pengguna`.`id`, `kasir`.`Pengguna`.`username`, `kasir`.`Pengguna`.`password`, `kasir`.`Pengguna`.`role`, `kasir`.`Pengguna`.`nama`, `kasir`.`Pengguna`.`email`, `kasir`.`Pengguna`.`phone`, `kasir`.`Pengguna`.`created_at`, `kasir`.`Pengguna`.`update_at` FROM `kasir`.`Pengguna` WHERE (`kasir`.`Pengguna`.`username` = ? AND 1=1) LIMIT ? OFFSET ?","target":"quaint::connector::metrics","timestamp":"2025-05-27T17:09:12.319Z"},"timestamp":"2025-05-27T17:09:12.319Z"}
{"level":"info","message":{"duration":0,"params":"[\"admin\",1,0]","query":"SELECT `kasir`.`Pengguna`.`id`, `kasir`.`Pengguna`.`username`, `kasir`.`Pengguna`.`password`, `kasir`.`Pengguna`.`role`, `kasir`.`Pengguna`.`nama`, `kasir`.`Pengguna`.`email`, `kasir`.`Pengguna`.`phone`, `kasir`.`Pengguna`.`created_at`, `kasir`.`Pengguna`.`update_at` FROM `kasir`.`Pengguna` WHERE (`kasir`.`Pengguna`.`username` = ? AND 1=1) LIMIT ? OFFSET ?","target":"quaint::connector::metrics","timestamp":"2025-05-27T17:09:14.970Z"},"timestamp":"2025-05-27T17:09:14.970Z"}
{"level":"info","message":"aplikasi kasir berjalan di port : 3000","timestamp":"2025-05-27T17:23:04.394Z"}
{"level":"info","message":"aplikasi kasir berjalan di port : 3000","timestamp":"2025-05-27T17:24:44.182Z"}
{"level":"info","message":"aplikasi kasir berjalan di port : 3000","timestamp":"2025-05-27T17:26:08.798Z"}
{"level":"info","message":"aplikasi kasir berjalan di port : 3000","timestamp":"2025-05-27T17:26:24.890Z"}
{"level":"info","message":"aplikasi kasir berjalan di port : 3000","timestamp":"2025-05-27T17:26:49.335Z"}
{"level":"info","message":"aplikasi kasir berjalan di port : 3000","timestamp":"2025-05-27T17:28:26.852Z"}
{"level":"info","message":"aplikasi kasir berjalan di port : 3000","timestamp":"2025-05-27T17:28:32.397Z"}
{"level":"info","message":"aplikasi kasir berjalan di port : 3000","timestamp":"2025-05-27T17:29:48.288Z"}
{"level":"info","message":"aplikasi kasir berjalan di port : 3000","timestamp":"2025-05-27T17:30:11.117Z"}
{"level":"info","message":"aplikasi kasir berjalan di port : 3000","timestamp":"2025-05-27T17:30:24.120Z"}
{"level":"info","message":"aplikasi kasir berjalan di port : 3000","timestamp":"2025-05-27T17:30:26.619Z"}
{"level":"info","message":"aplikasi kasir berjalan di port : 3000","timestamp":"2025-05-27T17:30:31.303Z"}
{"level":"info","message":"aplikasi kasir berjalan di port : 3000","timestamp":"2025-05-27T17:30:40.903Z"}
{"level":"info","message":"aplikasi kasir berjalan di port : 3000","timestamp":"2025-05-27T17:32:00.349Z"}
{"level":"info","message":"aplikasi kasir berjalan di port : 3000","timestamp":"2025-05-28T03:51:46.752Z"}
{"level":"info","message":"aplikasi kasir berjalan di port : 3000","timestamp":"2025-05-28T03:51:57.152Z"}
{"level":"info","message":"aplikasi kasir berjalan di port : 3000","timestamp":"2025-05-28T03:52:19.394Z"}
{"level":"info","message":"aplikasi kasir berjalan di port : 3000","timestamp":"2025-05-28T03:54:52.518Z"}
