{"level":"info","message":"aplikasi kasir berjalan di port : 3000","timestamp":"2025-06-04T01:05:46.665Z"}
{"level":"info","message":"Starting a mysql pool with 5 connections.","target":"quaint::pooled","timestamp":"2025-06-04T01:06:28.353Z"}
{"level":"error","message":"\nInvalid `prisma.pengguna.count()` invocation:\n\n\nError querying the database: Server error: `ERROR 28000 (1698): Access denied for user 'root'@'localhost''","target":"pengguna.count","timestamp":"2025-06-04T01:06:28.458Z"}
{"level":"error","message":"\nInvalid `prisma.pengguna.count()` invocation:\n\n\nError querying the database: Server error: `ERROR 28000 (1698): Access denied for user 'root'@'localhost''","timestamp":"2025-06-04T01:06:28.459Z"}
{"level":"info","message":"Starting a mysql pool with 5 connections.","target":"quaint::pooled","timestamp":"2025-06-04T01:06:35.048Z"}
{"level":"error","message":"\nInvalid `prisma.pengguna.count()` invocation:\n\n\nError querying the database: Server error: `ERROR 28000 (1698): Access denied for user 'root'@'localhost''","target":"pengguna.count","timestamp":"2025-06-04T01:06:35.050Z"}
{"level":"error","message":"\nInvalid `prisma.pengguna.count()` invocation:\n\n\nError querying the database: Server error: `ERROR 28000 (1698): Access denied for user 'root'@'localhost''","timestamp":"2025-06-04T01:06:35.051Z"}
{"level":"info","message":"Starting a mysql pool with 5 connections.","target":"quaint::pooled","timestamp":"2025-06-04T01:06:45.762Z"}
{"level":"error","message":"\nInvalid `prisma.pengguna.count()` invocation:\n\n\nError querying the database: Server error: `ERROR 28000 (1698): Access denied for user 'root'@'localhost''","target":"pengguna.count","timestamp":"2025-06-04T01:06:45.764Z"}
{"level":"error","message":"\nInvalid `prisma.pengguna.count()` invocation:\n\n\nError querying the database: Server error: `ERROR 28000 (1698): Access denied for user 'root'@'localhost''","timestamp":"2025-06-04T01:06:45.766Z"}
{"level":"info","message":"aplikasi kasir berjalan di port : 3000","timestamp":"2025-06-04T01:12:14.482Z"}
{"level":"info","message":"Starting a mysql pool with 5 connections.","target":"quaint::pooled","timestamp":"2025-06-04T01:12:18.743Z"}
{"level":"info","message":{"duration":21,"params":"[\"admin\"]","query":"SELECT COUNT(*) AS `_count._all` FROM (SELECT `kasir`.`pengguna`.`id` FROM `kasir`.`pengguna` WHERE `kasir`.`pengguna`.`username` = ?) AS `sub`","target":"quaint::connector::metrics","timestamp":"2025-06-04T01:12:18.771Z"},"timestamp":"2025-06-04T01:12:18.771Z"}
{"level":"info","message":{"duration":0,"params":"[\"admin@gmail.com\"]","query":"SELECT COUNT(*) AS `_count._all` FROM (SELECT `kasir`.`pengguna`.`id` FROM `kasir`.`pengguna` WHERE `kasir`.`pengguna`.`email` = ?) AS `sub`","target":"quaint::connector::metrics","timestamp":"2025-06-04T01:12:18.773Z"},"timestamp":"2025-06-04T01:12:18.774Z"}
{"level":"info","message":{"duration":0,"params":"[]","query":"BEGIN","target":"quaint::connector::metrics","timestamp":"2025-06-04T01:12:18.851Z"},"timestamp":"2025-06-04T01:12:18.851Z"}
{"level":"info","message":{"duration":0,"params":"[\"6bdbbd04-9af7-42b0-bdfb-a6cec3a2d70b\",\"admin\",\"$2b$10$rics3G8ylxy6SGbywSntx.XWuC3O8fvb00RHScamQfZ4/DXsnpv6q\",\"admin\",\"admin admin\",\"admin@gmail.com\",\"082288228822\",\"2025-06-04 01:12:18.851 UTC\",\"2025-06-04 01:12:18.851 UTC\"]","query":"INSERT INTO `kasir`.`pengguna` (`id`,`username`,`password`,`role`,`nama`,`email`,`phone`,`created_at`,`update_at`) VALUES (?,?,?,?,?,?,?,?,?)","target":"quaint::connector::metrics","timestamp":"2025-06-04T01:12:18.852Z"},"timestamp":"2025-06-04T01:12:18.852Z"}
{"level":"info","message":{"duration":0,"params":"[\"6bdbbd04-9af7-42b0-bdfb-a6cec3a2d70b\",1,0]","query":"SELECT `kasir`.`pengguna`.`id`, `kasir`.`pengguna`.`username`, `kasir`.`pengguna`.`role`, `kasir`.`pengguna`.`nama`, `kasir`.`pengguna`.`email`, `kasir`.`pengguna`.`phone` FROM `kasir`.`pengguna` WHERE `kasir`.`pengguna`.`id` = ? LIMIT ? OFFSET ?","target":"quaint::connector::metrics","timestamp":"2025-06-04T01:12:18.853Z"},"timestamp":"2025-06-04T01:12:18.853Z"}
{"level":"info","message":{"duration":4,"params":"[]","query":"COMMIT","target":"quaint::connector::metrics","timestamp":"2025-06-04T01:12:18.857Z"},"timestamp":"2025-06-04T01:12:18.857Z"}
{"level":"info","message":{"duration":0,"params":"[\"admin\",1,0]","query":"SELECT `kasir`.`pengguna`.`id`, `kasir`.`pengguna`.`username`, `kasir`.`pengguna`.`password`, `kasir`.`pengguna`.`role`, `kasir`.`pengguna`.`nama`, `kasir`.`pengguna`.`email`, `kasir`.`pengguna`.`phone`, `kasir`.`pengguna`.`created_at`, `kasir`.`pengguna`.`update_at` FROM `kasir`.`pengguna` WHERE (`kasir`.`pengguna`.`username` = ? AND 1=1) LIMIT ? OFFSET ?","target":"quaint::connector::metrics","timestamp":"2025-06-04T01:12:26.719Z"},"timestamp":"2025-06-04T01:12:26.719Z"}
{"level":"info","message":{"duration":0,"params":"[]","query":"SELECT 1","target":"quaint::connector::metrics","timestamp":"2025-06-04T01:12:36.009Z"},"timestamp":"2025-06-04T01:12:36.009Z"}
{"level":"info","message":{"duration":1,"params":"[]","query":"SELECT COUNT(*) AS `_count._all` FROM (SELECT `kasir`.`barang`.`id` FROM `kasir`.`barang` WHERE 1=1) AS `sub`","target":"quaint::connector::metrics","timestamp":"2025-06-04T01:12:36.010Z"},"timestamp":"2025-06-04T01:12:36.011Z"}
{"level":"info","message":{"duration":1,"params":"[10,0]","query":"SELECT `kasir`.`barang`.`id`, `kasir`.`barang`.`kategori_id`, `kasir`.`barang`.`kode_barang`, `kasir`.`barang`.`nama`, `kasir`.`barang`.`harga`, `kasir`.`barang`.`jumlah`, `kasir`.`barang`.`dibuat_oleh`, `kasir`.`barang`.`penanggung_jawab_terakhir`, `kasir`.`barang`.`created_at`, `kasir`.`barang`.`update_at` FROM `kasir`.`barang` WHERE 1=1 ORDER BY `kasir`.`barang`.`update_at` DESC LIMIT ? OFFSET ?","target":"quaint::connector::metrics","timestamp":"2025-06-04T01:12:36.016Z"},"timestamp":"2025-06-04T01:12:36.016Z"}
{"level":"info","message":{"duration":3,"params":"[]","query":"SELECT `kasir`.`kategori_barang`.`id`, `kasir`.`kategori_barang`.`nama`, `kasir`.`kategori_barang`.`dibuat_oleh`, `kasir`.`kategori_barang`.`created_at`, `kasir`.`kategori_barang`.`update_at` FROM `kasir`.`kategori_barang` WHERE 1=1 ORDER BY `kasir`.`kategori_barang`.`nama` ASC","target":"quaint::connector::metrics","timestamp":"2025-06-04T01:12:36.021Z"},"timestamp":"2025-06-04T01:12:36.021Z"}
{"level":"info","message":{"duration":0,"params":"[\"6bdbbd04-9af7-42b0-bdfb-a6cec3a2d70b\",1,0]","query":"SELECT `kasir`.`pengguna`.`id`, `kasir`.`pengguna`.`username`, `kasir`.`pengguna`.`password`, `kasir`.`pengguna`.`role`, `kasir`.`pengguna`.`nama`, `kasir`.`pengguna`.`email`, `kasir`.`pengguna`.`phone`, `kasir`.`pengguna`.`created_at`, `kasir`.`pengguna`.`update_at` FROM `kasir`.`pengguna` WHERE (`kasir`.`pengguna`.`id` = ? AND 1=1) LIMIT ? OFFSET ?","target":"quaint::connector::metrics","timestamp":"2025-06-04T01:12:36.024Z"},"timestamp":"2025-06-04T01:12:36.024Z"}
{"level":"info","message":"aplikasi kasir berjalan di port : 3000","timestamp":"2025-06-04T01:13:14.729Z"}
{"level":"info","message":"aplikasi kasir berjalan di port : 3000","timestamp":"2025-06-04T01:13:46.306Z"}
{"level":"info","message":"aplikasi kasir berjalan di port : 3000","timestamp":"2025-06-04T01:14:25.554Z"}
{"level":"info","message":"aplikasi kasir berjalan di port : 3000","timestamp":"2025-06-04T01:14:28.334Z"}
{"level":"info","message":"aplikasi kasir berjalan di port : 3000","timestamp":"2025-06-04T01:14:31.253Z"}
{"level":"info","message":"aplikasi kasir berjalan di port : 3000","timestamp":"2025-06-04T01:14:35.166Z"}
{"level":"info","message":"aplikasi kasir berjalan di port : 3000","timestamp":"2025-06-04T01:14:38.300Z"}
{"level":"info","message":"aplikasi kasir berjalan di port : 3000","timestamp":"2025-06-04T01:14:39.903Z"}
{"level":"info","message":"aplikasi kasir berjalan di port : 3000","timestamp":"2025-06-04T01:14:41.331Z"}
{"level":"info","message":"aplikasi kasir berjalan di port : 3000","timestamp":"2025-06-04T01:14:43.134Z"}
{"level":"info","message":"aplikasi kasir berjalan di port : 3000","timestamp":"2025-06-04T01:14:44.961Z"}
