{"level":"error","message":"this message error","timestamp":"2025-05-27T11:54:09.942Z"}
{"level":"error","message":"Cannot read properties of undefined (reading 'validate')","timestamp":"2025-05-27T13:46:07.329Z"}
{"level":"error","message":"Cannot read properties of undefined (reading 'username')","timestamp":"2025-05-27T13:46:43.545Z"}
{"level":"error","message":"Cannot read properties of undefined (reading 'username')","timestamp":"2025-05-27T13:46:45.689Z"}
{"level":"error","message":"Cannot read properties of undefined (reading 'username')","timestamp":"2025-05-27T13:46:47.073Z"}
{"level":"error","message":"Cannot read properties of undefined (reading 'username')","timestamp":"2025-05-27T13:47:20.020Z"}
{"level":"error","message":"Cannot read properties of undefined (reading 'username')","timestamp":"2025-05-27T13:50:56.323Z"}
{"level":"error","message":"Cannot read properties of undefined (reading 'username')","timestamp":"2025-05-27T13:53:07.767Z"}
{"level":"error","message":"Cannot read properties of undefined (reading 'username')","timestamp":"2025-05-27T13:53:39.806Z"}
{"level":"error","message":"Cannot read properties of undefined (reading 'username')","timestamp":"2025-05-27T13:54:06.810Z"}
{"level":"error","message":"Cannot read properties of undefined (reading 'message')","timestamp":"2025-05-27T13:55:40.724Z"}
{"level":"error","message":"Cannot read properties of undefined (reading 'message')","timestamp":"2025-05-27T13:55:44.716Z"}
{"level":"error","message":"Cannot read properties of undefined (reading 'message')","timestamp":"2025-05-27T13:55:45.602Z"}
{"level":"error","message":"Cannot read properties of undefined (reading 'message')","timestamp":"2025-05-27T13:55:46.443Z"}
{"level":"error","message":"Expected double-quoted property name in JSON at position 66 (line 6 column 1)","timestamp":"2025-05-27T16:41:50.748Z"}
{"level":"error","message":"\nInvalid `prisma.pengguna.create()` invocation:\n\n{\n  data: {\n    username: \"admin\",\n    password: \"$2b$10$pB5PWx7L9KZQdJifCS8DbOKu5r8Fi4hWZOy04soG6kqDfjG3sZeI2\",\n    role: \"admin\",\n    nama: \"admin\",\n    email: \"admin@admin.com\",\n    phone: \"+628844993399\",\n    secret: undefined,\n+   id: String\n  },\n  select: {\n    id: true,\n    username: true,\n    role: true,\n    nama: true,\n    email: true,\n    phone: true\n  }\n}\n\nArgument `id` is missing.","target":"pengguna.create","timestamp":"2025-05-27T16:50:46.860Z"}
{"level":"error","message":"\nInvalid `prisma.pengguna.create()` invocation:\n\n{\n  data: {\n    username: \"admin\",\n    password: \"$2b$10$pB5PWx7L9KZQdJifCS8DbOKu5r8Fi4hWZOy04soG6kqDfjG3sZeI2\",\n    role: \"admin\",\n    nama: \"admin\",\n    email: \"admin@admin.com\",\n    phone: \"+628844993399\",\n    secret: undefined,\n+   id: String\n  },\n  select: {\n    id: true,\n    username: true,\n    role: true,\n    nama: true,\n    email: true,\n    phone: true\n  }\n}\n\nArgument `id` is missing.","timestamp":"2025-05-27T16:50:46.861Z"}
{"level":"error","message":"\nInvalid `prisma.pengguna.create()` invocation:\n\n{\n  data: {\n    username: \"admin\",\n    password: \"$2b$10$bv6szT8JG.KZnGu71TpuW.NQZVvD4SiKW696/I9xq/RQRLWRvfCGe\",\n    role: \"admin\",\n    nama: \"admin\",\n    email: \"admin@admin.com\",\n    phone: \"+628844993399\",\n    secret: undefined,\n    id: \"fc31186e-ea6d-4d27-bea9-76aa4e38ce75\",\n+   created_at: DateTime\n  },\n  select: {\n    id: true,\n    username: true,\n    role: true,\n    nama: true,\n    email: true,\n    phone: true\n  }\n}\n\nArgument `created_at` is missing.","target":"pengguna.create","timestamp":"2025-05-27T16:51:29.939Z"}
{"level":"error","message":"\nInvalid `prisma.pengguna.create()` invocation:\n\n{\n  data: {\n    username: \"admin\",\n    password: \"$2b$10$bv6szT8JG.KZnGu71TpuW.NQZVvD4SiKW696/I9xq/RQRLWRvfCGe\",\n    role: \"admin\",\n    nama: \"admin\",\n    email: \"admin@admin.com\",\n    phone: \"+628844993399\",\n    secret: undefined,\n    id: \"fc31186e-ea6d-4d27-bea9-76aa4e38ce75\",\n+   created_at: DateTime\n  },\n  select: {\n    id: true,\n    username: true,\n    role: true,\n    nama: true,\n    email: true,\n    phone: true\n  }\n}\n\nArgument `created_at` is missing.","timestamp":"2025-05-27T16:51:29.940Z"}
{"level":"error","message":"Class constructor ApiError cannot be invoked without 'new'","timestamp":"2025-05-27T17:08:24.971Z"}
